<?xml version="1.0" encoding="UTF-8"?>
<testsuite xmlns:xsi="http://www.w3.org/2001/XMLSchema-instance" xsi:noNamespaceSchemaLocation="https://maven.apache.org/surefire/maven-surefire-plugin/xsd/surefire-test-report.xsd" name="com.scholat.doma.DemoApplicationTests" time="3.816" tests="1" errors="0" skipped="0" failures="0">
  <properties>
    <property name="sun.desktop" value="windows"/>
    <property name="awt.toolkit" value="sun.awt.windows.WToolkit"/>
    <property name="java.specification.version" value="11"/>
    <property name="sun.cpu.isalist" value="amd64"/>
    <property name="sun.jnu.encoding" value="GBK"/>
    <property name="java.class.path" value="E:\doma\target\test-classes;E:\doma\target\classes;D:\maven\LocalWarehouse\org\thymeleaf\thymeleaf\3.0.11.RELEASE\thymeleaf-3.0.11.RELEASE.jar;D:\maven\LocalWarehouse\ognl\ognl\3.1.12\ognl-3.1.12.jar;D:\maven\LocalWarehouse\org\javassist\javassist\3.20.0-GA\javassist-3.20.0-GA.jar;D:\maven\LocalWarehouse\org\attoparser\attoparser\2.0.5.RELEASE\attoparser-2.0.5.RELEASE.jar;D:\maven\LocalWarehouse\org\unbescape\unbescape\1.1.6.RELEASE\unbescape-1.1.6.RELEASE.jar;D:\maven\LocalWarehouse\org\slf4j\slf4j-api\1.7.30\slf4j-api-1.7.30.jar;D:\maven\LocalWarehouse\org\thymeleaf\extras\thymeleaf-extras-java8time\3.0.4.RELEASE\thymeleaf-extras-java8time-3.0.4.RELEASE.jar;D:\maven\LocalWarehouse\org\springframework\boot\spring-boot-starter-thymeleaf\2.3.1.RELEASE\spring-boot-starter-thymeleaf-2.3.1.RELEASE.jar;D:\maven\LocalWarehouse\org\springframework\boot\spring-boot-starter\2.3.1.RELEASE\spring-boot-starter-2.3.1.RELEASE.jar;D:\maven\LocalWarehouse\org\springframework\boot\spring-boot\2.3.1.RELEASE\spring-boot-2.3.1.RELEASE.jar;D:\maven\LocalWarehouse\org\springframework\boot\spring-boot-autoconfigure\2.3.1.RELEASE\spring-boot-autoconfigure-2.3.1.RELEASE.jar;D:\maven\LocalWarehouse\org\springframework\boot\spring-boot-starter-logging\2.3.1.RELEASE\spring-boot-starter-logging-2.3.1.RELEASE.jar;D:\maven\LocalWarehouse\ch\qos\logback\logback-classic\1.2.3\logback-classic-1.2.3.jar;D:\maven\LocalWarehouse\ch\qos\logback\logback-core\1.2.3\logback-core-1.2.3.jar;D:\maven\LocalWarehouse\org\apache\logging\log4j\log4j-to-slf4j\2.13.3\log4j-to-slf4j-2.13.3.jar;D:\maven\LocalWarehouse\org\apache\logging\log4j\log4j-api\2.13.3\log4j-api-2.13.3.jar;D:\maven\LocalWarehouse\org\slf4j\jul-to-slf4j\1.7.30\jul-to-slf4j-1.7.30.jar;D:\maven\LocalWarehouse\jakarta\annotation\jakarta.annotation-api\1.3.5\jakarta.annotation-api-1.3.5.jar;D:\maven\LocalWarehouse\org\yaml\snakeyaml\1.26\snakeyaml-1.26.jar;D:\maven\LocalWarehouse\org\thymeleaf\thymeleaf-spring5\3.0.11.RELEASE\thymeleaf-spring5-3.0.11.RELEASE.jar;D:\maven\LocalWarehouse\org\projectlombok\lombok\1.18.12\lombok-1.18.12.jar;D:\maven\LocalWarehouse\com\alibaba\fastjson\1.2.6\fastjson-1.2.6.jar;D:\maven\LocalWarehouse\org\springframework\boot\spring-boot-starter-web\2.3.1.RELEASE\spring-boot-starter-web-2.3.1.RELEASE.jar;D:\maven\LocalWarehouse\org\springframework\boot\spring-boot-starter-json\2.3.1.RELEASE\spring-boot-starter-json-2.3.1.RELEASE.jar;D:\maven\LocalWarehouse\com\fasterxml\jackson\core\jackson-databind\2.11.0\jackson-databind-2.11.0.jar;D:\maven\LocalWarehouse\com\fasterxml\jackson\core\jackson-annotations\2.11.0\jackson-annotations-2.11.0.jar;D:\maven\LocalWarehouse\com\fasterxml\jackson\core\jackson-core\2.11.0\jackson-core-2.11.0.jar;D:\maven\LocalWarehouse\com\fasterxml\jackson\datatype\jackson-datatype-jdk8\2.11.0\jackson-datatype-jdk8-2.11.0.jar;D:\maven\LocalWarehouse\com\fasterxml\jackson\datatype\jackson-datatype-jsr310\2.11.0\jackson-datatype-jsr310-2.11.0.jar;D:\maven\LocalWarehouse\com\fasterxml\jackson\module\jackson-module-parameter-names\2.11.0\jackson-module-parameter-names-2.11.0.jar;D:\maven\LocalWarehouse\org\springframework\boot\spring-boot-starter-tomcat\2.3.1.RELEASE\spring-boot-starter-tomcat-2.3.1.RELEASE.jar;D:\maven\LocalWarehouse\org\apache\tomcat\embed\tomcat-embed-core\9.0.36\tomcat-embed-core-9.0.36.jar;D:\maven\LocalWarehouse\org\glassfish\jakarta.el\3.0.3\jakarta.el-3.0.3.jar;D:\maven\LocalWarehouse\org\apache\tomcat\embed\tomcat-embed-websocket\9.0.36\tomcat-embed-websocket-9.0.36.jar;D:\maven\LocalWarehouse\org\springframework\spring-web\5.2.7.RELEASE\spring-web-5.2.7.RELEASE.jar;D:\maven\LocalWarehouse\org\springframework\spring-beans\5.2.7.RELEASE\spring-beans-5.2.7.RELEASE.jar;D:\maven\LocalWarehouse\org\springframework\spring-webmvc\5.2.7.RELEASE\spring-webmvc-5.2.7.RELEASE.jar;D:\maven\LocalWarehouse\org\springframework\spring-aop\5.2.7.RELEASE\spring-aop-5.2.7.RELEASE.jar;D:\maven\LocalWarehouse\org\springframework\spring-context\5.2.7.RELEASE\spring-context-5.2.7.RELEASE.jar;D:\maven\LocalWarehouse\org\springframework\spring-expression\5.2.7.RELEASE\spring-expression-5.2.7.RELEASE.jar;D:\maven\LocalWarehouse\org\springframework\boot\spring-boot-starter-test\2.3.1.RELEASE\spring-boot-starter-test-2.3.1.RELEASE.jar;D:\maven\LocalWarehouse\org\springframework\boot\spring-boot-test\2.3.1.RELEASE\spring-boot-test-2.3.1.RELEASE.jar;D:\maven\LocalWarehouse\org\springframework\boot\spring-boot-test-autoconfigure\2.3.1.RELEASE\spring-boot-test-autoconfigure-2.3.1.RELEASE.jar;D:\maven\LocalWarehouse\com\jayway\jsonpath\json-path\2.4.0\json-path-2.4.0.jar;D:\maven\LocalWarehouse\net\minidev\json-smart\2.3\json-smart-2.3.jar;D:\maven\LocalWarehouse\net\minidev\accessors-smart\1.2\accessors-smart-1.2.jar;D:\maven\LocalWarehouse\org\ow2\asm\asm\5.0.4\asm-5.0.4.jar;D:\maven\LocalWarehouse\jakarta\xml\bind\jakarta.xml.bind-api\2.3.3\jakarta.xml.bind-api-2.3.3.jar;D:\maven\LocalWarehouse\jakarta\activation\jakarta.activation-api\1.2.2\jakarta.activation-api-1.2.2.jar;D:\maven\LocalWarehouse\org\assertj\assertj-core\3.16.1\assertj-core-3.16.1.jar;D:\maven\LocalWarehouse\org\hamcrest\hamcrest\2.2\hamcrest-2.2.jar;D:\maven\LocalWarehouse\org\junit\jupiter\junit-jupiter\5.6.2\junit-jupiter-5.6.2.jar;D:\maven\LocalWarehouse\org\junit\jupiter\junit-jupiter-api\5.6.2\junit-jupiter-api-5.6.2.jar;D:\maven\LocalWarehouse\org\apiguardian\apiguardian-api\1.1.0\apiguardian-api-1.1.0.jar;D:\maven\LocalWarehouse\org\opentest4j\opentest4j\1.2.0\opentest4j-1.2.0.jar;D:\maven\LocalWarehouse\org\junit\platform\junit-platform-commons\1.6.2\junit-platform-commons-1.6.2.jar;D:\maven\LocalWarehouse\org\junit\jupiter\junit-jupiter-params\5.6.2\junit-jupiter-params-5.6.2.jar;D:\maven\LocalWarehouse\org\junit\jupiter\junit-jupiter-engine\5.6.2\junit-jupiter-engine-5.6.2.jar;D:\maven\LocalWarehouse\org\junit\platform\junit-platform-engine\1.6.2\junit-platform-engine-1.6.2.jar;D:\maven\LocalWarehouse\org\mockito\mockito-core\3.3.3\mockito-core-3.3.3.jar;D:\maven\LocalWarehouse\net\bytebuddy\byte-buddy\1.10.11\byte-buddy-1.10.11.jar;D:\maven\LocalWarehouse\net\bytebuddy\byte-buddy-agent\1.10.11\byte-buddy-agent-1.10.11.jar;D:\maven\LocalWarehouse\org\objenesis\objenesis\2.6\objenesis-2.6.jar;D:\maven\LocalWarehouse\org\mockito\mockito-junit-jupiter\3.3.3\mockito-junit-jupiter-3.3.3.jar;D:\maven\LocalWarehouse\org\skyscreamer\jsonassert\1.5.0\jsonassert-1.5.0.jar;D:\maven\LocalWarehouse\com\vaadin\external\google\android-json\0.0.20131108.vaadin1\android-json-0.0.20131108.vaadin1.jar;D:\maven\LocalWarehouse\org\springframework\spring-core\5.2.7.RELEASE\spring-core-5.2.7.RELEASE.jar;D:\maven\LocalWarehouse\org\springframework\spring-jcl\5.2.7.RELEASE\spring-jcl-5.2.7.RELEASE.jar;D:\maven\LocalWarehouse\org\springframework\spring-test\5.2.7.RELEASE\spring-test-5.2.7.RELEASE.jar;D:\maven\LocalWarehouse\org\xmlunit\xmlunit-core\2.7.0\xmlunit-core-2.7.0.jar;D:\maven\LocalWarehouse\org\mybatis\mybatis-spring\1.3.2\mybatis-spring-1.3.2.jar;D:\maven\LocalWarehouse\com\mchange\c3p0\0.9.5.2\c3p0-0.9.5.2.jar;D:\maven\LocalWarehouse\com\mchange\mchange-commons-java\0.2.11\mchange-commons-java-0.2.11.jar;D:\maven\LocalWarehouse\org\mybatis\spring\boot\mybatis-spring-boot-starter\1.3.2\mybatis-spring-boot-starter-1.3.2.jar;D:\maven\LocalWarehouse\org\springframework\boot\spring-boot-starter-jdbc\2.3.1.RELEASE\spring-boot-starter-jdbc-2.3.1.RELEASE.jar;D:\maven\LocalWarehouse\com\zaxxer\HikariCP\3.4.5\HikariCP-3.4.5.jar;D:\maven\LocalWarehouse\org\springframework\spring-jdbc\5.2.7.RELEASE\spring-jdbc-5.2.7.RELEASE.jar;D:\maven\LocalWarehouse\org\springframework\spring-tx\5.2.7.RELEASE\spring-tx-5.2.7.RELEASE.jar;D:\maven\LocalWarehouse\org\mybatis\spring\boot\mybatis-spring-boot-autoconfigure\1.3.2\mybatis-spring-boot-autoconfigure-1.3.2.jar;D:\maven\LocalWarehouse\org\mybatis\mybatis\3.4.6\mybatis-3.4.6.jar;D:\maven\LocalWarehouse\mysql\mysql-connector-java\8.0.20\mysql-connector-java-8.0.20.jar;D:\maven\LocalWarehouse\junit\junit\4.13\junit-4.13.jar;D:\maven\LocalWarehouse\org\hamcrest\hamcrest-core\2.2\hamcrest-core-2.2.jar;"/>
    <property name="java.vm.vendor" value="JetBrains s.r.o"/>
    <property name="sun.arch.data.model" value="64"/>
    <property name="user.variant" value=""/>
    <property name="java.vendor.url" value="https://www.jetbrains.com/"/>
    <property name="user.timezone" value="Asia/Shanghai"/>
    <property name="java.vm.specification.version" value="11"/>
    <property name="os.name" value="Windows 10"/>
    <property name="sun.java.launcher" value="SUN_STANDARD"/>
    <property name="user.country" value="CN"/>
    <property name="sun.boot.library.path" value="D:\idea\IntelliJ IDEA 2019.3.3\jbr\bin"/>
    <property name="sun.java.command" value="C:\Users\1\AppData\Local\Temp\surefire18280899224268296982\surefirebooter5463620746312936221.jar C:\Users\1\AppData\Local\Temp\surefire18280899224268296982 2020-10-04T11-37-18_673-jvmRun1 surefire11309954767421689418tmp surefire_09364959200894065790tmp"/>
    <property name="jdk.debug" value="release"/>
    <property name="surefire.test.class.path" value="E:\doma\target\test-classes;E:\doma\target\classes;D:\maven\LocalWarehouse\org\thymeleaf\thymeleaf\3.0.11.RELEASE\thymeleaf-3.0.11.RELEASE.jar;D:\maven\LocalWarehouse\ognl\ognl\3.1.12\ognl-3.1.12.jar;D:\maven\LocalWarehouse\org\javassist\javassist\3.20.0-GA\javassist-3.20.0-GA.jar;D:\maven\LocalWarehouse\org\attoparser\attoparser\2.0.5.RELEASE\attoparser-2.0.5.RELEASE.jar;D:\maven\LocalWarehouse\org\unbescape\unbescape\1.1.6.RELEASE\unbescape-1.1.6.RELEASE.jar;D:\maven\LocalWarehouse\org\slf4j\slf4j-api\1.7.30\slf4j-api-1.7.30.jar;D:\maven\LocalWarehouse\org\thymeleaf\extras\thymeleaf-extras-java8time\3.0.4.RELEASE\thymeleaf-extras-java8time-3.0.4.RELEASE.jar;D:\maven\LocalWarehouse\org\springframework\boot\spring-boot-starter-thymeleaf\2.3.1.RELEASE\spring-boot-starter-thymeleaf-2.3.1.RELEASE.jar;D:\maven\LocalWarehouse\org\springframework\boot\spring-boot-starter\2.3.1.RELEASE\spring-boot-starter-2.3.1.RELEASE.jar;D:\maven\LocalWarehouse\org\springframework\boot\spring-boot\2.3.1.RELEASE\spring-boot-2.3.1.RELEASE.jar;D:\maven\LocalWarehouse\org\springframework\boot\spring-boot-autoconfigure\2.3.1.RELEASE\spring-boot-autoconfigure-2.3.1.RELEASE.jar;D:\maven\LocalWarehouse\org\springframework\boot\spring-boot-starter-logging\2.3.1.RELEASE\spring-boot-starter-logging-2.3.1.RELEASE.jar;D:\maven\LocalWarehouse\ch\qos\logback\logback-classic\1.2.3\logback-classic-1.2.3.jar;D:\maven\LocalWarehouse\ch\qos\logback\logback-core\1.2.3\logback-core-1.2.3.jar;D:\maven\LocalWarehouse\org\apache\logging\log4j\log4j-to-slf4j\2.13.3\log4j-to-slf4j-2.13.3.jar;D:\maven\LocalWarehouse\org\apache\logging\log4j\log4j-api\2.13.3\log4j-api-2.13.3.jar;D:\maven\LocalWarehouse\org\slf4j\jul-to-slf4j\1.7.30\jul-to-slf4j-1.7.30.jar;D:\maven\LocalWarehouse\jakarta\annotation\jakarta.annotation-api\1.3.5\jakarta.annotation-api-1.3.5.jar;D:\maven\LocalWarehouse\org\yaml\snakeyaml\1.26\snakeyaml-1.26.jar;D:\maven\LocalWarehouse\org\thymeleaf\thymeleaf-spring5\3.0.11.RELEASE\thymeleaf-spring5-3.0.11.RELEASE.jar;D:\maven\LocalWarehouse\org\projectlombok\lombok\1.18.12\lombok-1.18.12.jar;D:\maven\LocalWarehouse\com\alibaba\fastjson\1.2.6\fastjson-1.2.6.jar;D:\maven\LocalWarehouse\org\springframework\boot\spring-boot-starter-web\2.3.1.RELEASE\spring-boot-starter-web-2.3.1.RELEASE.jar;D:\maven\LocalWarehouse\org\springframework\boot\spring-boot-starter-json\2.3.1.RELEASE\spring-boot-starter-json-2.3.1.RELEASE.jar;D:\maven\LocalWarehouse\com\fasterxml\jackson\core\jackson-databind\2.11.0\jackson-databind-2.11.0.jar;D:\maven\LocalWarehouse\com\fasterxml\jackson\core\jackson-annotations\2.11.0\jackson-annotations-2.11.0.jar;D:\maven\LocalWarehouse\com\fasterxml\jackson\core\jackson-core\2.11.0\jackson-core-2.11.0.jar;D:\maven\LocalWarehouse\com\fasterxml\jackson\datatype\jackson-datatype-jdk8\2.11.0\jackson-datatype-jdk8-2.11.0.jar;D:\maven\LocalWarehouse\com\fasterxml\jackson\datatype\jackson-datatype-jsr310\2.11.0\jackson-datatype-jsr310-2.11.0.jar;D:\maven\LocalWarehouse\com\fasterxml\jackson\module\jackson-module-parameter-names\2.11.0\jackson-module-parameter-names-2.11.0.jar;D:\maven\LocalWarehouse\org\springframework\boot\spring-boot-starter-tomcat\2.3.1.RELEASE\spring-boot-starter-tomcat-2.3.1.RELEASE.jar;D:\maven\LocalWarehouse\org\apache\tomcat\embed\tomcat-embed-core\9.0.36\tomcat-embed-core-9.0.36.jar;D:\maven\LocalWarehouse\org\glassfish\jakarta.el\3.0.3\jakarta.el-3.0.3.jar;D:\maven\LocalWarehouse\org\apache\tomcat\embed\tomcat-embed-websocket\9.0.36\tomcat-embed-websocket-9.0.36.jar;D:\maven\LocalWarehouse\org\springframework\spring-web\5.2.7.RELEASE\spring-web-5.2.7.RELEASE.jar;D:\maven\LocalWarehouse\org\springframework\spring-beans\5.2.7.RELEASE\spring-beans-5.2.7.RELEASE.jar;D:\maven\LocalWarehouse\org\springframework\spring-webmvc\5.2.7.RELEASE\spring-webmvc-5.2.7.RELEASE.jar;D:\maven\LocalWarehouse\org\springframework\spring-aop\5.2.7.RELEASE\spring-aop-5.2.7.RELEASE.jar;D:\maven\LocalWarehouse\org\springframework\spring-context\5.2.7.RELEASE\spring-context-5.2.7.RELEASE.jar;D:\maven\LocalWarehouse\org\springframework\spring-expression\5.2.7.RELEASE\spring-expression-5.2.7.RELEASE.jar;D:\maven\LocalWarehouse\org\springframework\boot\spring-boot-starter-test\2.3.1.RELEASE\spring-boot-starter-test-2.3.1.RELEASE.jar;D:\maven\LocalWarehouse\org\springframework\boot\spring-boot-test\2.3.1.RELEASE\spring-boot-test-2.3.1.RELEASE.jar;D:\maven\LocalWarehouse\org\springframework\boot\spring-boot-test-autoconfigure\2.3.1.RELEASE\spring-boot-test-autoconfigure-2.3.1.RELEASE.jar;D:\maven\LocalWarehouse\com\jayway\jsonpath\json-path\2.4.0\json-path-2.4.0.jar;D:\maven\LocalWarehouse\net\minidev\json-smart\2.3\json-smart-2.3.jar;D:\maven\LocalWarehouse\net\minidev\accessors-smart\1.2\accessors-smart-1.2.jar;D:\maven\LocalWarehouse\org\ow2\asm\asm\5.0.4\asm-5.0.4.jar;D:\maven\LocalWarehouse\jakarta\xml\bind\jakarta.xml.bind-api\2.3.3\jakarta.xml.bind-api-2.3.3.jar;D:\maven\LocalWarehouse\jakarta\activation\jakarta.activation-api\1.2.2\jakarta.activation-api-1.2.2.jar;D:\maven\LocalWarehouse\org\assertj\assertj-core\3.16.1\assertj-core-3.16.1.jar;D:\maven\LocalWarehouse\org\hamcrest\hamcrest\2.2\hamcrest-2.2.jar;D:\maven\LocalWarehouse\org\junit\jupiter\junit-jupiter\5.6.2\junit-jupiter-5.6.2.jar;D:\maven\LocalWarehouse\org\junit\jupiter\junit-jupiter-api\5.6.2\junit-jupiter-api-5.6.2.jar;D:\maven\LocalWarehouse\org\apiguardian\apiguardian-api\1.1.0\apiguardian-api-1.1.0.jar;D:\maven\LocalWarehouse\org\opentest4j\opentest4j\1.2.0\opentest4j-1.2.0.jar;D:\maven\LocalWarehouse\org\junit\platform\junit-platform-commons\1.6.2\junit-platform-commons-1.6.2.jar;D:\maven\LocalWarehouse\org\junit\jupiter\junit-jupiter-params\5.6.2\junit-jupiter-params-5.6.2.jar;D:\maven\LocalWarehouse\org\junit\jupiter\junit-jupiter-engine\5.6.2\junit-jupiter-engine-5.6.2.jar;D:\maven\LocalWarehouse\org\junit\platform\junit-platform-engine\1.6.2\junit-platform-engine-1.6.2.jar;D:\maven\LocalWarehouse\org\mockito\mockito-core\3.3.3\mockito-core-3.3.3.jar;D:\maven\LocalWarehouse\net\bytebuddy\byte-buddy\1.10.11\byte-buddy-1.10.11.jar;D:\maven\LocalWarehouse\net\bytebuddy\byte-buddy-agent\1.10.11\byte-buddy-agent-1.10.11.jar;D:\maven\LocalWarehouse\org\objenesis\objenesis\2.6\objenesis-2.6.jar;D:\maven\LocalWarehouse\org\mockito\mockito-junit-jupiter\3.3.3\mockito-junit-jupiter-3.3.3.jar;D:\maven\LocalWarehouse\org\skyscreamer\jsonassert\1.5.0\jsonassert-1.5.0.jar;D:\maven\LocalWarehouse\com\vaadin\external\google\android-json\0.0.20131108.vaadin1\android-json-0.0.20131108.vaadin1.jar;D:\maven\LocalWarehouse\org\springframework\spring-core\5.2.7.RELEASE\spring-core-5.2.7.RELEASE.jar;D:\maven\LocalWarehouse\org\springframework\spring-jcl\5.2.7.RELEASE\spring-jcl-5.2.7.RELEASE.jar;D:\maven\LocalWarehouse\org\springframework\spring-test\5.2.7.RELEASE\spring-test-5.2.7.RELEASE.jar;D:\maven\LocalWarehouse\org\xmlunit\xmlunit-core\2.7.0\xmlunit-core-2.7.0.jar;D:\maven\LocalWarehouse\org\mybatis\mybatis-spring\1.3.2\mybatis-spring-1.3.2.jar;D:\maven\LocalWarehouse\com\mchange\c3p0\0.9.5.2\c3p0-0.9.5.2.jar;D:\maven\LocalWarehouse\com\mchange\mchange-commons-java\0.2.11\mchange-commons-java-0.2.11.jar;D:\maven\LocalWarehouse\org\mybatis\spring\boot\mybatis-spring-boot-starter\1.3.2\mybatis-spring-boot-starter-1.3.2.jar;D:\maven\LocalWarehouse\org\springframework\boot\spring-boot-starter-jdbc\2.3.1.RELEASE\spring-boot-starter-jdbc-2.3.1.RELEASE.jar;D:\maven\LocalWarehouse\com\zaxxer\HikariCP\3.4.5\HikariCP-3.4.5.jar;D:\maven\LocalWarehouse\org\springframework\spring-jdbc\5.2.7.RELEASE\spring-jdbc-5.2.7.RELEASE.jar;D:\maven\LocalWarehouse\org\springframework\spring-tx\5.2.7.RELEASE\spring-tx-5.2.7.RELEASE.jar;D:\maven\LocalWarehouse\org\mybatis\spring\boot\mybatis-spring-boot-autoconfigure\1.3.2\mybatis-spring-boot-autoconfigure-1.3.2.jar;D:\maven\LocalWarehouse\org\mybatis\mybatis\3.4.6\mybatis-3.4.6.jar;D:\maven\LocalWarehouse\mysql\mysql-connector-java\8.0.20\mysql-connector-java-8.0.20.jar;D:\maven\LocalWarehouse\junit\junit\4.13\junit-4.13.jar;D:\maven\LocalWarehouse\org\hamcrest\hamcrest-core\2.2\hamcrest-core-2.2.jar;"/>
    <property name="sun.cpu.endian" value="little"/>
    <property name="user.home" value="C:\Users\1"/>
    <property name="user.language" value="zh"/>
    <property name="java.specification.vendor" value="Oracle Corporation"/>
    <property name="java.version.date" value="2019-10-15"/>
    <property name="java.home" value="D:\idea\IntelliJ IDEA 2019.3.3\jbr"/>
    <property name="file.separator" value="\"/>
    <property name="basedir" value="E:\doma"/>
    <property name="java.vm.compressedOopsMode" value="32-bit"/>
    <property name="line.separator" value="&#10;"/>
    <property name="java.specification.name" value="Java Platform API Specification"/>
    <property name="java.vm.specification.vendor" value="Oracle Corporation"/>
    <property name="java.awt.graphicsenv" value="sun.awt.Win32GraphicsEnvironment"/>
    <property name="surefire.real.class.path" value="C:\Users\1\AppData\Local\Temp\surefire18280899224268296982\surefirebooter5463620746312936221.jar"/>
    <property name="user.script" value=""/>
    <property name="sun.management.compiler" value="HotSpot 64-Bit Tiered Compilers"/>
    <property name="java.runtime.version" value="11.0.5+10-b520.38"/>
    <property name="user.name" value="1"/>
    <property name="path.separator" value=";"/>
    <property name="os.version" value="10.0"/>
    <property name="java.runtime.name" value="OpenJDK Runtime Environment"/>
    <property name="file.encoding" value="GBK"/>
    <property name="java.vm.name" value="OpenJDK 64-Bit Server VM"/>
    <property name="localRepository" value="D:\maven\LocalWarehouse"/>
    <property name="java.vendor.url.bug" value="https://youtrack.jetbrains.com"/>
    <property name="java.io.tmpdir" value="C:\Users\1\AppData\Local\Temp\"/>
    <property name="java.version" value="11.0.5"/>
    <property name="user.dir" value="E:\doma"/>
    <property name="os.arch" value="amd64"/>
    <property name="java.vm.specification.name" value="Java Virtual Machine Specification"/>
    <property name="java.awt.printerjob" value="sun.awt.windows.WPrinterJob"/>
    <property name="sun.os.patch.level" value=""/>
    <property name="idea.version2019.3.3" value="true"/>
    <property name="java.library.path" value="D:\idea\IntelliJ IDEA 2019.3.3\jbr\bin;C:\Windows\Sun\Java\bin;C:\Windows\system32;C:\Windows;D:\python\Scripts\;D:\python\;C:\Windows\system32;C:\Windows;C:\Windows\System32\Wbem;C:\Windows\System32\WindowsPowerShell\v1.0\;C:\Windows\System32\OpenSSH\;D:\maven\apache-maven-3.6.3\bin;&quot;D:\jdk\bin;D:\jdk\jre\bin&quot;;&quot;D:\maven\apache-maven-3.6.3\bin;&quot;;C:\Program Files\MySQL\MySQL Server 8.0\bin;D:\python;D:\nodejs\;D:\git\Git\cmd;C:\Users\1\AppData\Local\Microsoft\WindowsApps;D:\idea\IntelliJ IDEA 2019.3.3\bin;;&quot;D:\jdk\bin;D:\jdk\jre\bin;&quot;;D:\nodejs\node_global;C:\Users\1\AppData\Local\GitHubDesktop\bin;."/>
    <property name="java.vendor" value="JetBrains s.r.o"/>
    <property name="java.vm.info" value="mixed mode, sharing"/>
    <property name="java.vm.version" value="11.0.5+10-b520.38"/>
    <property name="sun.io.unicode.encoding" value="UnicodeLittle"/>
    <property name="java.class.version" value="55.0"/>
  </properties>
  <testcase name="contextLoads" classname="com.scholat.doma.DemoApplicationTests" time="0.383"/>
</testsuite>